<?xml version="1.0" encoding="UTF-8"?>
<testng-results skipped="0" failed="0" ignored="0" total="1" passed="1">
  <reporter-output>
  </reporter-output>
  <suite name="Default suite" duration-ms="77" started-at="2020-06-14T08:47:29 IST" finished-at="2020-06-14T08:47:29 IST">
    <groups>
    </groups>
    <test name="Default test" duration-ms="77" started-at="2020-06-14T08:47:29 IST" finished-at="2020-06-14T08:47:29 IST">
      <class name="pkg.gitjen">
        <test-method status="PASS" signature="display()[pri:0, instance:pkg.gitjen@6ddf90b0]" name="display" duration-ms="16" started-at="2020-06-14T08:47:29 IST" finished-at="2020-06-14T08:47:29 IST">
          <reporter-output>
          </reporter-output>
        </test-method> <!-- display -->
      </class> <!-- pkg.gitjen -->
    </test> <!-- Default test -->
  </suite> <!-- Default suite -->
</testng-results>
